160125 16:27:24 [Note] Plugin 'FEDERATED' is disabled.
160125 16:27:24 InnoDB: The InnoDB memory heap is disabled
160125 16:27:24 InnoDB: Mutexes and rw_locks use Windows interlocked functions
160125 16:27:24 InnoDB: Compressed tables use zlib 1.2.3
160125 16:27:24 InnoDB: Initializing buffer pool, size = 128.0M
160125 16:27:24 InnoDB: Completed initialization of buffer pool
InnoDB: The first specified data file C:\Users\adm.lloose\Desktop\USBWebserver v8.5\mysql\data\ibdata1 did not exist:
InnoDB: a new database to be created!
160125 16:27:24  InnoDB: Setting file C:\Users\adm.lloose\Desktop\USBWebserver v8.5\mysql\data\ibdata1 size to 10 MB
InnoDB: Database physically writes the file full: wait...
160125 16:27:26  InnoDB: Log file C:\Users\adm.lloose\Desktop\USBWebserver v8.5\mysql\data\ib_logfile0 did not exist: new to be created
InnoDB: Setting log file C:\Users\adm.lloose\Desktop\USBWebserver v8.5\mysql\data\ib_logfile0 size to 5 MB
InnoDB: Database physically writes the file full: wait...
160125 16:27:26  InnoDB: Log file C:\Users\adm.lloose\Desktop\USBWebserver v8.5\mysql\data\ib_logfile1 did not exist: new to be created
InnoDB: Setting log file C:\Users\adm.lloose\Desktop\USBWebserver v8.5\mysql\data\ib_logfile1 size to 5 MB
InnoDB: Database physically writes the file full: wait...
InnoDB: Doublewrite buffer not found: creating new
InnoDB: Doublewrite buffer created
InnoDB: 127 rollback segment(s) active.
InnoDB: Creating foreign key constraint system tables
InnoDB: Foreign key constraint system tables created
160125 16:27:27  InnoDB: Waiting for the background threads to start
160125 16:27:28 InnoDB: 1.1.8 started; log sequence number 0
160125 16:31:10 [Note] Plugin 'FEDERATED' is disabled.
160125 16:31:10 InnoDB: The InnoDB memory heap is disabled
160125 16:31:10 InnoDB: Mutexes and rw_locks use Windows interlocked functions
160125 16:31:10 InnoDB: Compressed tables use zlib 1.2.3
160125 16:31:10 InnoDB: Initializing buffer pool, size = 128.0M
160125 16:31:10 InnoDB: Completed initialization of buffer pool
160125 16:31:11 InnoDB: highest supported file format is Barracuda.
InnoDB: The log sequence number in ibdata files does not match
InnoDB: the log sequence number in the ib_logfiles!
160125 16:31:11  InnoDB: Database was not shut down normally!
InnoDB: Starting crash recovery.
InnoDB: Reading tablespace information from the .ibd files...
InnoDB: Restoring possible half-written data pages from the doublewrite
InnoDB: buffer...
160125 16:31:11  InnoDB: Waiting for the background threads to start
160125 16:31:12 InnoDB: 1.1.8 started; log sequence number 1595675
160125 16:41:05 [Note] Plugin 'FEDERATED' is disabled.
160125 16:41:05 InnoDB: The InnoDB memory heap is disabled
160125 16:41:05 InnoDB: Mutexes and rw_locks use Windows interlocked functions
160125 16:41:05 InnoDB: Compressed tables use zlib 1.2.3
160125 16:41:05 InnoDB: Initializing buffer pool, size = 128.0M
160125 16:41:05 InnoDB: Completed initialization of buffer pool
160125 16:41:05 InnoDB: highest supported file format is Barracuda.
InnoDB: The log sequence number in ibdata files does not match
InnoDB: the log sequence number in the ib_logfiles!
160125 16:41:05  InnoDB: Database was not shut down normally!
InnoDB: Starting crash recovery.
InnoDB: Reading tablespace information from the .ibd files...
InnoDB: Restoring possible half-written data pages from the doublewrite
InnoDB: buffer...
160125 16:41:05  InnoDB: Waiting for the background threads to start
160125 16:41:06 InnoDB: 1.1.8 started; log sequence number 1595675
160129  8:19:19 [Note] Plugin 'FEDERATED' is disabled.
160129  8:19:19 InnoDB: The InnoDB memory heap is disabled
160129  8:19:19 InnoDB: Mutexes and rw_locks use Windows interlocked functions
160129  8:19:19 InnoDB: Compressed tables use zlib 1.2.3
160129  8:19:19 InnoDB: Initializing buffer pool, size = 128.0M
160129  8:19:19 InnoDB: Completed initialization of buffer pool
160129  8:19:19 InnoDB: highest supported file format is Barracuda.
InnoDB: The log sequence number in ibdata files does not match
InnoDB: the log sequence number in the ib_logfiles!
160129  8:19:19  InnoDB: Database was not shut down normally!
InnoDB: Starting crash recovery.
InnoDB: Reading tablespace information from the .ibd files...
InnoDB: Restoring possible half-written data pages from the doublewrite
InnoDB: buffer...
160129  8:19:20  InnoDB: Waiting for the background threads to start
160129  8:19:21 InnoDB: 1.1.8 started; log sequence number 1595675
