::1 - - [01/Feb/2016:17:01:32 -0200] "GET / HTTP/1.1" 200 1143
::1 - - [01/Feb/2016:17:01:56 -0200] "GET / HTTP/1.1" 200 1143
::1 - - [01/Feb/2016:17:02:07 -0200] "GET /mensagem.php HTTP/1.1" 200 4612
::1 - - [01/Feb/2016:17:02:07 -0200] "GET /css/menu.css HTTP/1.1" 404 210
::1 - - [01/Feb/2016:17:02:11 -0200] "GET /login_email.php HTTP/1.1" 200 3614
::1 - - [01/Feb/2016:17:02:11 -0200] "GET /css/estilo.css HTTP/1.1" 404 212
::1 - - [01/Feb/2016:17:02:11 -0200] "GET /css/menu.css HTTP/1.1" 404 210
::1 - - [01/Feb/2016:17:02:35 -0200] "GET /login_email.php HTTP/1.1" 200 3614
::1 - - [01/Feb/2016:17:02:35 -0200] "GET /assets/css/font-awesome.css HTTP/1.1" 304 -
::1 - - [01/Feb/2016:17:02:35 -0200] "GET /assets/css/bootstrap.css HTTP/1.1" 304 -
::1 - - [01/Feb/2016:17:02:35 -0200] "GET /css/estilo.css HTTP/1.1" 404 212
::1 - - [01/Feb/2016:17:02:35 -0200] "GET /assets/css/custom.css HTTP/1.1" 304 -
::1 - - [01/Feb/2016:17:02:35 -0200] "GET /assets/css/basic.css HTTP/1.1" 304 -
::1 - - [01/Feb/2016:17:02:35 -0200] "GET /assets/js/jquery-1.10.2.js HTTP/1.1" 304 -
::1 - - [01/Feb/2016:17:02:35 -0200] "GET /css/menu.css HTTP/1.1" 404 210
::1 - - [01/Feb/2016:17:02:35 -0200] "GET /assets/js/bootstrap.js HTTP/1.1" 304 -
::1 - - [01/Feb/2016:17:02:35 -0200] "GET /assets/js/custom.js HTTP/1.1" 304 -
::1 - - [01/Feb/2016:17:02:35 -0200] "GET /assets/js/jquery.metisMenu.js HTTP/1.1" 304 -
::1 - - [01/Feb/2016:17:02:41 -0200] "GET / HTTP/1.1" 200 1143
::1 - - [01/Feb/2016:17:02:42 -0200] "GET /mensagem.php HTTP/1.1" 302 4760
::1 - - [01/Feb/2016:17:02:42 -0200] "GET /login_email.php HTTP/1.1" 200 3614
::1 - - [01/Feb/2016:17:02:43 -0200] "GET /css/estilo.css HTTP/1.1" 404 212
::1 - - [01/Feb/2016:17:02:43 -0200] "GET /css/menu.css HTTP/1.1" 404 210
::1 - - [01/Feb/2016:17:02:57 -0200] "POST /autenticacao_email.php HTTP/1.1" 302 -
::1 - - [01/Feb/2016:17:02:57 -0200] "GET /caixa_entrada.php HTTP/1.1" 200 5619
::1 - - [01/Feb/2016:17:02:58 -0200] "GET /css/menu.css HTTP/1.1" 404 210
::1 - - [01/Feb/2016:17:02:58 -0200] "GET /img/email_aberto.png HTTP/1.1" 304 -
::1 - - [01/Feb/2016:17:03:09 -0200] "GET /novo_email.php HTTP/1.1" 200 5426
::1 - - [01/Feb/2016:17:03:09 -0200] "GET /css/menu.css HTTP/1.1" 404 210
::1 - - [01/Feb/2016:17:03:18 -0200] "GET /curso_ctr.php?destino=carlosloose%40hotmail.com&assunto=Trabalho+de+banco+de+dados&texto=Teste&opc=gravar HTTP/1.1" 302 19
::1 - - [01/Feb/2016:17:03:18 -0200] "GET /caixa_entrada.php HTTP/1.1" 200 5619
::1 - - [01/Feb/2016:17:03:18 -0200] "GET /css/menu.css HTTP/1.1" 404 210
::1 - - [01/Feb/2016:17:03:20 -0200] "GET /mensagens_enviadas.php HTTP/1.1" 200 6031
::1 - - [01/Feb/2016:17:03:20 -0200] "GET /css/menu.css HTTP/1.1" 404 210
::1 - - [01/Feb/2016:17:03:30 -0200] "GET /doLogout.php HTTP/1.1" 302 -
::1 - - [01/Feb/2016:17:03:30 -0200] "GET /login_email.php HTTP/1.1" 200 3614
::1 - - [01/Feb/2016:17:03:30 -0200] "GET /css/estilo.css HTTP/1.1" 404 212
::1 - - [01/Feb/2016:17:03:30 -0200] "GET /css/menu.css HTTP/1.1" 404 210
::1 - - [01/Feb/2016:17:03:35 -0200] "POST /autenticacao_email.php HTTP/1.1" 302 -
::1 - - [01/Feb/2016:17:03:35 -0200] "GET /caixa_entrada.php HTTP/1.1" 200 6075
::1 - - [01/Feb/2016:17:03:35 -0200] "GET /css/menu.css HTTP/1.1" 404 210
::1 - - [01/Feb/2016:17:03:41 -0200] "GET /curso_ctr.php?opc=ler&id=72 HTTP/1.1" 302 16
::1 - - [01/Feb/2016:17:03:41 -0200] "GET /mensagem.php?id=72 HTTP/1.1" 200 4894
::1 - - [01/Feb/2016:17:03:41 -0200] "GET /css/menu.css HTTP/1.1" 404 210
::1 - - [01/Feb/2016:17:03:46 -0200] "GET /caixa_entrada.php HTTP/1.1" 200 6074
::1 - - [01/Feb/2016:17:03:46 -0200] "GET /css/menu.css HTTP/1.1" 404 210
::1 - - [01/Feb/2016:17:03:51 -0200] "GET /doLogout.php HTTP/1.1" 302 -
::1 - - [01/Feb/2016:17:03:51 -0200] "GET /login_email.php HTTP/1.1" 200 3614
::1 - - [01/Feb/2016:17:03:51 -0200] "GET /css/estilo.css HTTP/1.1" 404 212
::1 - - [01/Feb/2016:17:03:51 -0200] "GET /css/menu.css HTTP/1.1" 404 210
::1 - - [01/Feb/2016:17:03:56 -0200] "POST /autenticacao_email.php HTTP/1.1" 302 -
::1 - - [01/Feb/2016:17:03:56 -0200] "GET /caixa_entrada.php HTTP/1.1" 200 6097
::1 - - [01/Feb/2016:17:03:56 -0200] "GET /css/menu.css HTTP/1.1" 404 210
::1 - - [01/Feb/2016:17:04:03 -0200] "GET /curso_ctr.php?opc=ler&id=73 HTTP/1.1" 302 16
::1 - - [01/Feb/2016:17:04:03 -0200] "GET /mensagem.php?id=73 HTTP/1.1" 200 5026
::1 - - [01/Feb/2016:17:04:03 -0200] "GET /css/menu.css HTTP/1.1" 404 210
::1 - - [01/Feb/2016:17:04:12 -0200] "GET /caixa_entrada.php HTTP/1.1" 200 6096
::1 - - [01/Feb/2016:17:04:12 -0200] "GET /css/menu.css HTTP/1.1" 404 210
::1 - - [01/Feb/2016:17:05:24 -0200] "GET /caixa_entrada.php HTTP/1.1" 200 6096
::1 - - [01/Feb/2016:17:05:25 -0200] "GET /css/menu.css HTTP/1.1" 404 210
::1 - - [01/Feb/2016:17:05:25 -0200] "GET /mensagens_enviadas.php HTTP/1.1" 200 6031
::1 - - [01/Feb/2016:17:05:25 -0200] "GET /css/menu.css HTTP/1.1" 404 210
::1 - - [01/Feb/2016:17:05:27 -0200] "GET /caixa_entrada.php HTTP/1.1" 200 6096
::1 - - [01/Feb/2016:17:05:27 -0200] "GET /css/menu.css HTTP/1.1" 404 210
::1 - - [01/Feb/2016:17:05:32 -0200] "GET /mensagens_enviadas.php HTTP/1.1" 200 6031
::1 - - [01/Feb/2016:17:05:32 -0200] "GET /css/menu.css HTTP/1.1" 404 210
::1 - - [01/Feb/2016:17:05:33 -0200] "GET /caixa_entrada.php HTTP/1.1" 200 6096
::1 - - [01/Feb/2016:17:05:33 -0200] "GET /css/menu.css HTTP/1.1" 404 210
::1 - - [01/Feb/2016:17:05:40 -0200] "GET /curso_ctr.php?opc=excluir&id=71 HTTP/1.1" 302 20
::1 - - [01/Feb/2016:17:05:40 -0200] "GET /caixa_entrada.php HTTP/1.1" 200 5619
::1 - - [01/Feb/2016:17:05:41 -0200] "GET /css/menu.css HTTP/1.1" 404 210
::1 - - [01/Feb/2016:17:05:45 -0200] "GET /doLogout.php HTTP/1.1" 302 -
::1 - - [01/Feb/2016:17:05:45 -0200] "GET /login_email.php HTTP/1.1" 200 3614
::1 - - [01/Feb/2016:17:05:45 -0200] "GET /css/estilo.css HTTP/1.1" 404 212
::1 - - [01/Feb/2016:17:05:45 -0200] "GET /css/menu.css HTTP/1.1" 404 210
::1 - - [01/Feb/2016:17:09:26 -0200] "POST /autenticacao_email.php HTTP/1.1" 302 -
::1 - - [01/Feb/2016:17:09:26 -0200] "GET /caixa_entrada.php HTTP/1.1" 200 5619
::1 - - [01/Feb/2016:17:09:26 -0200] "GET /css/menu.css HTTP/1.1" 404 210
::1 - - [01/Feb/2016:17:09:28 -0200] "GET /novo_email.php HTTP/1.1" 200 5426
::1 - - [01/Feb/2016:17:09:28 -0200] "GET /css/menu.css HTTP/1.1" 404 210
::1 - - [01/Feb/2016:17:12:54 -0200] "GET /caixa_entrada.php HTTP/1.1" 200 5619
::1 - - [01/Feb/2016:17:12:54 -0200] "GET /css/menu.css HTTP/1.1" 404 210
