[Mon Feb 01 17:01:30 2016] [notice] Apache/2.2.21 (Win32) PHP/5.3.9 configured -- resuming normal operations
[Mon Feb 01 17:01:30 2016] [notice] Server built: Sep 10 2011 11:34:11
[Mon Feb 01 17:01:30 2016] [notice] Parent: Created child process 2040
[Mon Feb 01 17:01:30 2016] [notice] Child 2040: Child process is running
[Mon Feb 01 17:01:30 2016] [notice] Child 2040: Acquired the start mutex.
[Mon Feb 01 17:01:30 2016] [notice] Child 2040: Starting 64 worker threads.
[Mon Feb 01 17:01:30 2016] [notice] Child 2040: Starting thread to listen on port 8080.
[Mon Feb 01 17:01:30 2016] [notice] Child 2040: Starting thread to listen on port 8080.
[Mon Feb 01 17:02:07 2016] [error] [client ::1] PHP Notice:  Undefined index: login in C:\\Users\\ivahy.neto\\Desktop\\Ifes\\USBWebserver v8.5\\root\\menu.php on line 24, referer: http://localhost:8080/
[Mon Feb 01 17:02:07 2016] [error] [client ::1] PHP Notice:  Undefined index: id in C:\\Users\\ivahy.neto\\Desktop\\Ifes\\USBWebserver v8.5\\root\\mensagem.php on line 33, referer: http://localhost:8080/
[Mon Feb 01 17:02:07 2016] [error] [client ::1] File does not exist: C:/Users/ivahy.neto/Desktop/Ifes/USBWebserver v8.5/root/css, referer: http://localhost:8080/mensagem.php
[Mon Feb 01 17:02:11 2016] [error] [client ::1] File does not exist: C:/Users/ivahy.neto/Desktop/Ifes/USBWebserver v8.5/root/css, referer: http://localhost:8080/login_email.php
[Mon Feb 01 17:02:11 2016] [error] [client ::1] File does not exist: C:/Users/ivahy.neto/Desktop/Ifes/USBWebserver v8.5/root/css, referer: http://localhost:8080/login_email.php
[Mon Feb 01 17:02:35 2016] [error] [client ::1] File does not exist: C:/Users/ivahy.neto/Desktop/Ifes/USBWebserver v8.5/root/css, referer: http://localhost:8080/login_email.php
[Mon Feb 01 17:02:35 2016] [error] [client ::1] File does not exist: C:/Users/ivahy.neto/Desktop/Ifes/USBWebserver v8.5/root/css, referer: http://localhost:8080/login_email.php
[Mon Feb 01 17:02:42 2016] [error] [client ::1] PHP Notice:  Undefined index: login in C:\\Users\\ivahy.neto\\Desktop\\Ifes\\USBWebserver v8.5\\root\\mensagem.php on line 9, referer: http://localhost:8080/
[Mon Feb 01 17:02:42 2016] [error] [client ::1] PHP Notice:  Undefined index: login in C:\\Users\\ivahy.neto\\Desktop\\Ifes\\USBWebserver v8.5\\root\\menu.php on line 24, referer: http://localhost:8080/
[Mon Feb 01 17:02:42 2016] [error] [client ::1] PHP Notice:  Undefined index: id in C:\\Users\\ivahy.neto\\Desktop\\Ifes\\USBWebserver v8.5\\root\\mensagem.php on line 37, referer: http://localhost:8080/
[Mon Feb 01 17:02:43 2016] [error] [client ::1] File does not exist: C:/Users/ivahy.neto/Desktop/Ifes/USBWebserver v8.5/root/css, referer: http://localhost:8080/login_email.php
[Mon Feb 01 17:02:43 2016] [error] [client ::1] File does not exist: C:/Users/ivahy.neto/Desktop/Ifes/USBWebserver v8.5/root/css, referer: http://localhost:8080/login_email.php
[Mon Feb 01 17:02:58 2016] [error] [client ::1] File does not exist: C:/Users/ivahy.neto/Desktop/Ifes/USBWebserver v8.5/root/css, referer: http://localhost:8080/caixa_entrada.php
[Mon Feb 01 17:03:09 2016] [error] [client ::1] File does not exist: C:/Users/ivahy.neto/Desktop/Ifes/USBWebserver v8.5/root/css, referer: http://localhost:8080/novo_email.php
[Mon Feb 01 17:03:18 2016] [error] [client ::1] File does not exist: C:/Users/ivahy.neto/Desktop/Ifes/USBWebserver v8.5/root/css, referer: http://localhost:8080/caixa_entrada.php
[Mon Feb 01 17:03:20 2016] [error] [client ::1] File does not exist: C:/Users/ivahy.neto/Desktop/Ifes/USBWebserver v8.5/root/css, referer: http://localhost:8080/mensagens_enviadas.php
[Mon Feb 01 17:03:30 2016] [error] [client ::1] File does not exist: C:/Users/ivahy.neto/Desktop/Ifes/USBWebserver v8.5/root/css, referer: http://localhost:8080/login_email.php
[Mon Feb 01 17:03:30 2016] [error] [client ::1] File does not exist: C:/Users/ivahy.neto/Desktop/Ifes/USBWebserver v8.5/root/css, referer: http://localhost:8080/login_email.php
[Mon Feb 01 17:03:35 2016] [error] [client ::1] File does not exist: C:/Users/ivahy.neto/Desktop/Ifes/USBWebserver v8.5/root/css, referer: http://localhost:8080/caixa_entrada.php
[Mon Feb 01 17:03:41 2016] [error] [client ::1] File does not exist: C:/Users/ivahy.neto/Desktop/Ifes/USBWebserver v8.5/root/css, referer: http://localhost:8080/mensagem.php?id=72
[Mon Feb 01 17:03:46 2016] [error] [client ::1] File does not exist: C:/Users/ivahy.neto/Desktop/Ifes/USBWebserver v8.5/root/css, referer: http://localhost:8080/caixa_entrada.php
[Mon Feb 01 17:03:51 2016] [error] [client ::1] File does not exist: C:/Users/ivahy.neto/Desktop/Ifes/USBWebserver v8.5/root/css, referer: http://localhost:8080/login_email.php
[Mon Feb 01 17:03:51 2016] [error] [client ::1] File does not exist: C:/Users/ivahy.neto/Desktop/Ifes/USBWebserver v8.5/root/css, referer: http://localhost:8080/login_email.php
[Mon Feb 01 17:03:56 2016] [error] [client ::1] File does not exist: C:/Users/ivahy.neto/Desktop/Ifes/USBWebserver v8.5/root/css, referer: http://localhost:8080/caixa_entrada.php
[Mon Feb 01 17:04:03 2016] [error] [client ::1] File does not exist: C:/Users/ivahy.neto/Desktop/Ifes/USBWebserver v8.5/root/css, referer: http://localhost:8080/mensagem.php?id=73
[Mon Feb 01 17:04:12 2016] [error] [client ::1] File does not exist: C:/Users/ivahy.neto/Desktop/Ifes/USBWebserver v8.5/root/css, referer: http://localhost:8080/caixa_entrada.php
[Mon Feb 01 17:05:25 2016] [error] [client ::1] File does not exist: C:/Users/ivahy.neto/Desktop/Ifes/USBWebserver v8.5/root/css, referer: http://localhost:8080/caixa_entrada.php
[Mon Feb 01 17:05:25 2016] [error] [client ::1] File does not exist: C:/Users/ivahy.neto/Desktop/Ifes/USBWebserver v8.5/root/css, referer: http://localhost:8080/mensagens_enviadas.php
[Mon Feb 01 17:05:27 2016] [error] [client ::1] File does not exist: C:/Users/ivahy.neto/Desktop/Ifes/USBWebserver v8.5/root/css, referer: http://localhost:8080/caixa_entrada.php
[Mon Feb 01 17:05:32 2016] [error] [client ::1] File does not exist: C:/Users/ivahy.neto/Desktop/Ifes/USBWebserver v8.5/root/css, referer: http://localhost:8080/mensagens_enviadas.php
[Mon Feb 01 17:05:33 2016] [error] [client ::1] File does not exist: C:/Users/ivahy.neto/Desktop/Ifes/USBWebserver v8.5/root/css, referer: http://localhost:8080/caixa_entrada.php
[Mon Feb 01 17:05:41 2016] [error] [client ::1] File does not exist: C:/Users/ivahy.neto/Desktop/Ifes/USBWebserver v8.5/root/css, referer: http://localhost:8080/caixa_entrada.php
[Mon Feb 01 17:05:45 2016] [error] [client ::1] File does not exist: C:/Users/ivahy.neto/Desktop/Ifes/USBWebserver v8.5/root/css, referer: http://localhost:8080/login_email.php
[Mon Feb 01 17:05:45 2016] [error] [client ::1] File does not exist: C:/Users/ivahy.neto/Desktop/Ifes/USBWebserver v8.5/root/css, referer: http://localhost:8080/login_email.php
[Mon Feb 01 17:09:26 2016] [error] [client ::1] File does not exist: C:/Users/ivahy.neto/Desktop/Ifes/USBWebserver v8.5/root/css, referer: http://localhost:8080/caixa_entrada.php
[Mon Feb 01 17:09:28 2016] [error] [client ::1] File does not exist: C:/Users/ivahy.neto/Desktop/Ifes/USBWebserver v8.5/root/css, referer: http://localhost:8080/novo_email.php
[Mon Feb 01 17:12:54 2016] [error] [client ::1] File does not exist: C:/Users/ivahy.neto/Desktop/Ifes/USBWebserver v8.5/root/css, referer: http://localhost:8080/caixa_entrada.php
